Using pre-set license
Built from '2020.2/release' branch; Version is '2020.2.1f1 (270dd8c3da1c) revision 2559448'; Using compiler version '192528614'; Build Type 'Release'
OS: 'Windows 10  (10.0.0) 64bit' Language: 'en' Physical Memory: 12246 MB
BatchMode: 1, IsHumanControllingUs: 0, StartBugReporterOnCrash: 0, Is64bit: 1, IsPro: 0

 COMMAND LINE ARGUMENTS:
C:\Program Files\Unity\Editor\Unity.exe
-adb2
-batchMode
-noUpm
-name
AssetImportWorker0
-projectPath
F:/training/codekul/Unity-training/New folder/Codekul-Training
-logFile
Logs/AssetImportWorker0.log
-srvPort
50769
Successfully changed project path to: F:/training/codekul/Unity-training/New folder/Codekul-Training
F:/training/codekul/Unity-training/New folder/Codekul-Training
Using Asset Import Pipeline V2.
Refreshing native plugins compatible for Editor in 110.19 ms, found 1 plugins.
Preloading 0 native plugins for Editor in 0.00 ms.
Initialize engine version: 2020.2.1f1 (270dd8c3da1c)
[Subsystems] Discovering subsystems at path C:/Program Files/Unity/Editor/Data/Resources/UnitySubsystems
[Subsystems] Discovering subsystems at path F:/training/codekul/Unity-training/New folder/Codekul-Training/Assets
GfxDevice: creating device client; threaded=0
Direct3D:
    Version:  Direct3D 11.0 [level 11.0]
    Renderer: NVIDIA GeForce GT 710 (ID=0x128b)
    Vendor:   
    VRAM:     2007 MB
    Driver:   27.21.14.5671
Shader 'Universal Render Pipeline/Particles/Lit': fallback shader 'Universal Render Pipeline/Particles/SimpleLit' not found
Initialize mono
Mono path[0] = 'C:/Program Files/Unity/Editor/Data/Managed'
Mono path[1] = 'C:/Program Files/Unity/Editor/Data/MonoBleedingEdge/lib/mono/unityjit'
Mono config path = 'C:/Program Files/Unity/Editor/Data/MonoBleedingEdge/etc'
Using monoOptions --debugger-agent=transport=dt_socket,embedding=1,server=y,suspend=n,address=127.0.0.1:56648
Begin MonoManager ReloadAssembly
Registering precompiled unity dll's ...
Register platform support module: C:/Program Files/Unity/Editor/Data/PlaybackEngines/WindowsStandaloneSupport/UnityEditor.WindowsStandalone.Extensions.dll
Registered in 0.002437 seconds.
Native extension for WindowsStandalone target not found
Refreshing native plugins compatible for Editor in 85.14 ms, found 1 plugins.
Preloading 0 native plugins for Editor in 0.00 ms.
Invoked RoslynAnalysisRunner static constructor.
RoslynAnalysisRunner will not be running.
RoslynAnalysisRunner has terminated.
Mono: successfully reloaded assembly
- Completed reload, in  1.361 seconds
Platform modules already initialized, skipping
Registering precompiled user dll's ...
Registered in 0.007553 seconds.
Begin MonoManager ReloadAssembly
Native extension for WindowsStandalone target not found
Refreshing native plugins compatible for Editor in 85.76 ms, found 1 plugins.
Preloading 0 native plugins for Editor in 0.00 ms.
Invoked RoslynAnalysisRunner static constructor.
RoslynAnalysisRunner will not be running.
RoslynAnalysisRunner has terminated.
Mono: successfully reloaded assembly
- Completed reload, in  1.694 seconds
Platform modules already initialized, skipping
========================================================================
Worker process is ready to serve import requests
Shader 'TextMeshPro/Distance Field Overlay': fallback shader 'TextMeshPro/Mobile/Distance Field' not found
Shader 'TextMeshPro/Distance Field Overlay': fallback shader 'TextMeshPro/Mobile/Distance Field' not found
Shader 'Universal Render Pipeline/Particles/Lit': fallback shader 'Universal Render Pipeline/Particles/SimpleLit' not found
Launched and connected shader compiler UnityShaderCompiler.exe after 0.19 seconds
Refreshing native plugins compatible for Editor in 0.94 ms, found 1 plugins.
Preloading 0 native plugins for Editor in 0.00 ms.
Unloading 3352 Unused Serialized files (Serialized files now loaded: 0)
System memory in use before: 248.1 MB.
System memory in use after: 247.9 MB.

Unloading 167 unused Assets to reduce memory usage. Loaded Objects now: 3829.
Total: 239.678000 ms (FindLiveObjects: 0.376000 ms CreateObjectMapping: 0.216800 ms MarkObjects: 236.837900 ms  DeleteObjects: 2.243500 ms)

========================================================================
Received Import Request.
  path: Assets/Scripts/Prathik's script/sphere_collision.cs
  artifactKey: Guid(37a404601bdf2a54dbe931e8df97afdc) Importer(815301076,1909f56bfc062723c751e8b465ee728b)
Start importing Assets/Scripts/Prathik's script/sphere_collision.cs using Guid(37a404601bdf2a54dbe931e8df97afdc) Importer(815301076,1909f56bfc062723c751e8b465ee728b)  -> (artifact id: '581bcc051875dbaffe204ac8e44966ef') in 1.253556 seconds
  Import took 1.468893 seconds .

========================================================================
Received Import Request.
  Time since last request: 2443.094238 seconds.
  path: Assets/Scripts/Prathik's script/array_color_objects.cs
  artifactKey: Guid(c3c697b09d7350648a97a16c91f76b7b) Importer(815301076,1909f56bfc062723c751e8b465ee728b)
Start importing Assets/Scripts/Prathik's script/array_color_objects.cs using Guid(c3c697b09d7350648a97a16c91f76b7b) Importer(815301076,1909f56bfc062723c751e8b465ee728b)  -> (artifact id: '5f7b074221c9fb13defff50aa6988926') in 0.013503 seconds
  Import took 0.206468 seconds .

========================================================================
Received Prepare
Registering precompiled user dll's ...
Registered in 0.007020 seconds.
Begin MonoManager ReloadAssembly
Native extension for WindowsStandalone target not found
Refreshing native plugins compatible for Editor in 0.78 ms, found 1 plugins.
Preloading 0 native plugins for Editor in 0.00 ms.
Invoked RoslynAnalysisRunner static constructor.
RoslynAnalysisRunner will not be running.
RoslynAnalysisRunner has terminated.
Mono: successfully reloaded assembly
- Completed reload, in  1.562 seconds
Platform modules already initialized, skipping
Shader 'TextMeshPro/Distance Field Overlay': fallback shader 'TextMeshPro/Mobile/Distance Field' not found
Shader 'TextMeshPro/Distance Field Overlay': fallback shader 'TextMeshPro/Mobile/Distance Field' not found
Shader 'Universal Render Pipeline/Particles/Lit': fallback shader 'Universal Render Pipeline/Particles/SimpleLit' not found
Refreshing native plugins compatible for Editor in 0.82 ms, found 1 plugins.
Preloading 0 native plugins for Editor in 0.00 ms.
Unloading 3164 Unused Serialized files (Serialized files now loaded: 0)
System memory in use before: 237.0 MB.
System memory in use after: 236.8 MB.

Unloading 162 unused Assets to reduce memory usage. Loaded Objects now: 3832.
Total: 4.731900 ms (FindLiveObjects: 0.397000 ms CreateObjectMapping: 0.224100 ms MarkObjects: 2.900900 ms  DeleteObjects: 1.208200 ms)

========================================================================
Received Prepare
Registering precompiled user dll's ...
Registered in 0.007668 seconds.
Begin MonoManager ReloadAssembly
Native extension for WindowsStandalone target not found
Refreshing native plugins compatible for Editor in 0.80 ms, found 1 plugins.
Preloading 0 native plugins for Editor in 0.00 ms.
Invoked RoslynAnalysisRunner static constructor.
RoslynAnalysisRunner will not be running.
RoslynAnalysisRunner has terminated.
Mono: successfully reloaded assembly
- Completed reload, in  3.102 seconds
Platform modules already initialized, skipping
Shader 'TextMeshPro/Distance Field Overlay': fallback shader 'TextMeshPro/Mobile/Distance Field' not found
Shader 'Universal Render Pipeline/Particles/Lit': fallback shader 'Universal Render Pipeline/Particles/SimpleLit' not found
Shader 'TextMeshPro/Distance Field Overlay': fallback shader 'TextMeshPro/Mobile/Distance Field' not found
Refreshing native plugins compatible for Editor in 0.86 ms, found 1 plugins.
Preloading 0 native plugins for Editor in 0.00 ms.
Unloading 3164 Unused Serialized files (Serialized files now loaded: 0)
System memory in use before: 237.0 MB.
System memory in use after: 236.9 MB.

Unloading 162 unused Assets to reduce memory usage. Loaded Objects now: 3834.
Total: 3.806900 ms (FindLiveObjects: 0.406000 ms CreateObjectMapping: 0.253200 ms MarkObjects: 2.460600 ms  DeleteObjects: 0.685800 ms)

========================================================================
Received Import Request.
  Time since last request: 164.125831 seconds.
  path: Assets/Scripts/Prathik's script/array_color_objects.cs
  artifactKey: Guid(c3c697b09d7350648a97a16c91f76b7b) Importer(815301076,1909f56bfc062723c751e8b465ee728b)
Start importing Assets/Scripts/Prathik's script/array_color_objects.cs using Guid(c3c697b09d7350648a97a16c91f76b7b) Importer(815301076,1909f56bfc062723c751e8b465ee728b)  -> (artifact id: '7e10367b89d3c690dd224f53e5a3ac8b') in 0.014233 seconds
  Import took 0.058423 seconds .

========================================================================
Received Prepare
Registering precompiled user dll's ...
Registered in 0.010557 seconds.
Begin MonoManager ReloadAssembly
Native extension for WindowsStandalone target not found
Refreshing native plugins compatible for Editor in 0.92 ms, found 1 plugins.
Preloading 0 native plugins for Editor in 0.00 ms.
Invoked RoslynAnalysisRunner static constructor.
RoslynAnalysisRunner will not be running.
RoslynAnalysisRunner has terminated.
Mono: successfully reloaded assembly
- Completed reload, in  1.772 seconds
Platform modules already initialized, skipping
Shader 'TextMeshPro/Distance Field Overlay': fallback shader 'TextMeshPro/Mobile/Distance Field' not found
Shader 'Universal Render Pipeline/Particles/Lit': fallback shader 'Universal Render Pipeline/Particles/SimpleLit' not found
Shader 'TextMeshPro/Distance Field Overlay': fallback shader 'TextMeshPro/Mobile/Distance Field' not found
Refreshing native plugins compatible for Editor in 0.78 ms, found 1 plugins.
Preloading 0 native plugins for Editor in 0.00 ms.
Unloading 3164 Unused Serialized files (Serialized files now loaded: 0)
System memory in use before: 237.1 MB.
System memory in use after: 236.9 MB.

Unloading 162 unused Assets to reduce memory usage. Loaded Objects now: 3836.
Total: 6.365500 ms (FindLiveObjects: 0.400400 ms CreateObjectMapping: 0.753900 ms MarkObjects: 4.331500 ms  DeleteObjects: 0.877800 ms)

========================================================================
Received Import Request.
  Time since last request: 2683.843122 seconds.
  path: Assets/Scripts/Prathik's script/positionswap.cs
  artifactKey: Guid(9326830b8137ab646b236beffe0219d4) Importer(815301076,1909f56bfc062723c751e8b465ee728b)
Start importing Assets/Scripts/Prathik's script/positionswap.cs using Guid(9326830b8137ab646b236beffe0219d4) Importer(815301076,1909f56bfc062723c751e8b465ee728b)  -> (artifact id: '889bc54e4ca59a152e2dfc5944b303b9') in 0.407600 seconds
  Import took 0.983087 seconds .

========================================================================
Received Prepare
Registering precompiled user dll's ...
Registered in 0.011957 seconds.
Begin MonoManager ReloadAssembly
Native extension for WindowsStandalone target not found
Refreshing native plugins compatible for Editor in 1.02 ms, found 1 plugins.
Preloading 0 native plugins for Editor in 0.00 ms.
Invoked RoslynAnalysisRunner static constructor.
RoslynAnalysisRunner will not be running.
RoslynAnalysisRunner has terminated.
Mono: successfully reloaded assembly
- Completed reload, in  1.510 seconds
Platform modules already initialized, skipping
Shader 'TextMeshPro/Distance Field Overlay': fallback shader 'TextMeshPro/Mobile/Distance Field' not found
Shader 'Universal Render Pipeline/Particles/Lit': fallback shader 'Universal Render Pipeline/Particles/SimpleLit' not found
Shader 'TextMeshPro/Distance Field Overlay': fallback shader 'TextMeshPro/Mobile/Distance Field' not found
Refreshing native plugins compatible for Editor in 0.80 ms, found 1 plugins.
Preloading 0 native plugins for Editor in 0.00 ms.
Unloading 3165 Unused Serialized files (Serialized files now loaded: 0)
System memory in use before: 237.1 MB.
System memory in use after: 237.0 MB.

Unloading 162 unused Assets to reduce memory usage. Loaded Objects now: 3839.
Total: 5.012900 ms (FindLiveObjects: 0.536200 ms CreateObjectMapping: 0.358400 ms MarkObjects: 3.312700 ms  DeleteObjects: 0.803200 ms)

========================================================================
Received Prepare
Registering precompiled user dll's ...
Registered in 0.008356 seconds.
Begin MonoManager ReloadAssembly
Native extension for WindowsStandalone target not found
Refreshing native plugins compatible for Editor in 1.03 ms, found 1 plugins.
Preloading 0 native plugins for Editor in 0.00 ms.
Invoked RoslynAnalysisRunner static constructor.
RoslynAnalysisRunner will not be running.
RoslynAnalysisRunner has terminated.
Mono: successfully reloaded assembly
- Completed reload, in  3.166 seconds
Platform modules already initialized, skipping
Shader 'TextMeshPro/Distance Field Overlay': fallback shader 'TextMeshPro/Mobile/Distance Field' not found
Shader 'Universal Render Pipeline/Particles/Lit': fallback shader 'Universal Render Pipeline/Particles/SimpleLit' not found
Shader 'TextMeshPro/Distance Field Overlay': fallback shader 'TextMeshPro/Mobile/Distance Field' not found
Refreshing native plugins compatible for Editor in 1.00 ms, found 1 plugins.
Preloading 0 native plugins for Editor in 0.00 ms.
Unloading 3165 Unused Serialized files (Serialized files now loaded: 0)
System memory in use before: 237.1 MB.
System memory in use after: 237.0 MB.

Unloading 162 unused Assets to reduce memory usage. Loaded Objects now: 3841.
Total: 3.760600 ms (FindLiveObjects: 0.401000 ms CreateObjectMapping: 0.253000 ms MarkObjects: 2.354800 ms  DeleteObjects: 0.750700 ms)

========================================================================
Received Import Request.
  Time since last request: 61.655406 seconds.
  path: Assets/Scripts/Prathik's script/positionswap.cs
  artifactKey: Guid(9326830b8137ab646b236beffe0219d4) Importer(815301076,1909f56bfc062723c751e8b465ee728b)
Start importing Assets/Scripts/Prathik's script/positionswap.cs using Guid(9326830b8137ab646b236beffe0219d4) Importer(815301076,1909f56bfc062723c751e8b465ee728b)  -> (artifact id: '6057fb4d1d6de7ef5a238d325baf1e7a') in 0.040381 seconds
  Import took 0.065681 seconds .

========================================================================
Received Prepare
Registering precompiled user dll's ...
Registered in 0.012520 seconds.
Begin MonoManager ReloadAssembly
Native extension for WindowsStandalone target not found
Refreshing native plugins compatible for Editor in 0.78 ms, found 1 plugins.
Preloading 0 native plugins for Editor in 0.00 ms.
Invoked RoslynAnalysisRunner static constructor.
RoslynAnalysisRunner will not be running.
RoslynAnalysisRunner has terminated.
Mono: successfully reloaded assembly
- Completed reload, in  1.590 seconds
Platform modules already initialized, skipping
Shader 'TextMeshPro/Distance Field Overlay': fallback shader 'TextMeshPro/Mobile/Distance Field' not found
Shader 'TextMeshPro/Distance Field Overlay': fallback shader 'TextMeshPro/Mobile/Distance Field' not found
Shader 'Universal Render Pipeline/Particles/Lit': fallback shader 'Universal Render Pipeline/Particles/SimpleLit' not found
Refreshing native plugins compatible for Editor in 0.79 ms, found 1 plugins.
Preloading 0 native plugins for Editor in 0.00 ms.
Unloading 3165 Unused Serialized files (Serialized files now loaded: 0)
System memory in use before: 237.1 MB.
System memory in use after: 237.0 MB.

Unloading 162 unused Assets to reduce memory usage. Loaded Objects now: 3843.
Total: 4.650300 ms (FindLiveObjects: 0.400000 ms CreateObjectMapping: 0.264300 ms MarkObjects: 3.154100 ms  DeleteObjects: 0.830000 ms)

========================================================================
Received Prepare
Registering precompiled user dll's ...
Registered in 0.007107 seconds.
Begin MonoManager ReloadAssembly
Native extension for WindowsStandalone target not found
Refreshing native plugins compatible for Editor in 0.82 ms, found 1 plugins.
Preloading 0 native plugins for Editor in 0.00 ms.
Invoked RoslynAnalysisRunner static constructor.
RoslynAnalysisRunner will not be running.
RoslynAnalysisRunner has terminated.
Mono: successfully reloaded assembly
- Completed reload, in  3.222 seconds
Platform modules already initialized, skipping
Shader 'TextMeshPro/Distance Field Overlay': fallback shader 'TextMeshPro/Mobile/Distance Field' not found
Shader 'TextMeshPro/Distance Field Overlay': fallback shader 'TextMeshPro/Mobile/Distance Field' not found
Shader 'Universal Render Pipeline/Particles/Lit': fallback shader 'Universal Render Pipeline/Particles/SimpleLit' not found
Refreshing native plugins compatible for Editor in 1.14 ms, found 1 plugins.
Preloading 0 native plugins for Editor in 0.00 ms.
Unloading 3165 Unused Serialized files (Serialized files now loaded: 0)
System memory in use before: 237.1 MB.
System memory in use after: 237.0 MB.

Unloading 162 unused Assets to reduce memory usage. Loaded Objects now: 3845.
Total: 5.167300 ms (FindLiveObjects: 0.907000 ms CreateObjectMapping: 0.468700 ms MarkObjects: 3.092800 ms  DeleteObjects: 0.697200 ms)

========================================================================
Received Prepare
Registering precompiled user dll's ...
Registered in 0.006511 seconds.
Begin MonoManager ReloadAssembly
Native extension for WindowsStandalone target not found
Refreshing native plugins compatible for Editor in 0.85 ms, found 1 plugins.
Preloading 0 native plugins for Editor in 0.00 ms.
Invoked RoslynAnalysisRunner static constructor.
RoslynAnalysisRunner will not be running.
RoslynAnalysisRunner has terminated.
Mono: successfully reloaded assembly
- Completed reload, in  1.608 seconds
Platform modules already initialized, skipping
Shader 'TextMeshPro/Distance Field Overlay': fallback shader 'TextMeshPro/Mobile/Distance Field' not found
Shader 'TextMeshPro/Distance Field Overlay': fallback shader 'TextMeshPro/Mobile/Distance Field' not found
Shader 'Universal Render Pipeline/Particles/Lit': fallback shader 'Universal Render Pipeline/Particles/SimpleLit' not found
Refreshing native plugins compatible for Editor in 0.92 ms, found 1 plugins.
Preloading 0 native plugins for Editor in 0.00 ms.
Unloading 3165 Unused Serialized files (Serialized files now loaded: 0)
System memory in use before: 237.1 MB.
System memory in use after: 237.0 MB.

Unloading 162 unused Assets to reduce memory usage. Loaded Objects now: 3847.
Total: 4.380600 ms (FindLiveObjects: 0.330800 ms CreateObjectMapping: 0.365000 ms MarkObjects: 2.989300 ms  DeleteObjects: 0.693900 ms)

========================================================================
Received Prepare
Registering precompiled user dll's ...
Registered in 0.013561 seconds.
Begin MonoManager ReloadAssembly
Native extension for WindowsStandalone target not found
Refreshing native plugins compatible for Editor in 0.89 ms, found 1 plugins.
Preloading 0 native plugins for Editor in 0.00 ms.
Invoked RoslynAnalysisRunner static constructor.
RoslynAnalysisRunner will not be running.
RoslynAnalysisRunner has terminated.
Mono: successfully reloaded assembly
- Completed reload, in  1.650 seconds
Platform modules already initialized, skipping
Shader 'TextMeshPro/Distance Field Overlay': fallback shader 'TextMeshPro/Mobile/Distance Field' not found
Shader 'TextMeshPro/Distance Field Overlay': fallback shader 'TextMeshPro/Mobile/Distance Field' not found
Shader 'Universal Render Pipeline/Particles/Lit': fallback shader 'Universal Render Pipeline/Particles/SimpleLit' not found
Refreshing native plugins compatible for Editor in 0.86 ms, found 1 plugins.
Preloading 0 native plugins for Editor in 0.00 ms.
Unloading 3165 Unused Serialized files (Serialized files now loaded: 0)
System memory in use before: 237.1 MB.
System memory in use after: 237.0 MB.

Unloading 162 unused Assets to reduce memory usage. Loaded Objects now: 3849.
Total: 5.822200 ms (FindLiveObjects: 1.090300 ms CreateObjectMapping: 0.739100 ms MarkObjects: 3.159000 ms  DeleteObjects: 0.832000 ms)

========================================================================
Received Import Request.
  Time since last request: 893.444271 seconds.
  path: Assets/Scripts/Prathik's script/color_swap.cs
  artifactKey: Guid(63a8a8959e3fcf34c93c051b4854d2d9) Importer(815301076,1909f56bfc062723c751e8b465ee728b)
Start importing Assets/Scripts/Prathik's script/color_swap.cs using Guid(63a8a8959e3fcf34c93c051b4854d2d9) Importer(815301076,1909f56bfc062723c751e8b465ee728b)  -> (artifact id: '8ed64bcc78ece7a912a660a0a792eac8') in 0.109787 seconds
  Import took 0.163409 seconds .

========================================================================
Received Import Request.
  Time since last request: 755.194555 seconds.
  path: Assets/Scripts/Prathik's script/positionswap.cs
  artifactKey: Guid(9326830b8137ab646b236beffe0219d4) Importer(815301076,1909f56bfc062723c751e8b465ee728b)
Start importing Assets/Scripts/Prathik's script/positionswap.cs using Guid(9326830b8137ab646b236beffe0219d4) Importer(815301076,1909f56bfc062723c751e8b465ee728b)  -> (artifact id: '27ed5b46cdc13c4b922ea55ea3583403') in 0.035388 seconds
  Import took 0.092384 seconds .

